<?xml version="1.0" encoding="UTF-8"?>
<!-- Generated by org.testng.reporters.JUnitReportReporter -->
<testsuite hostname="LAPTOP-73LVP7V6" failures="0" tests="1" name="TestCases.TC_001_AccountRegistrationTest" time="2.369" errors="0" timestamp="2024-02-02T14:03:19 IST" skipped="0">
  <testcase classname="TestCases.TC_001_AccountRegistrationTest" name="verify_account_registration" time="2.369"/>
  <system-out/>
</testsuite> <!-- TestCases.TC_001_AccountRegistrationTest -->
