<?xml version="1.0" encoding="UTF-8"?>
<!-- Generated by org.testng.reporters.JUnitReportReporter -->
<testsuite hostname="LAPTOP-73LVP7V6" failures="0" tests="1" name="TestCases.TC_002_LoginTest" time="1.228" errors="0" timestamp="2024-02-02T14:03:19 IST" skipped="0">
  <testcase classname="TestCases.TC_002_LoginTest" name="Verify_login" time="1.228"/>
  <system-out/>
</testsuite> <!-- TestCases.TC_002_LoginTest -->
